C51 COMPILER V9.01   12864                                                                 01/13/2019 19:23:19 PAGE 1   


C51 COMPILER V9.01, COMPILATION OF MODULE 12864
OBJECT MODULE PLACED IN 12864.OBJ
COMPILER INVOKED BY: D:\Keil\C51\BIN\C51.EXE 12864.c LARGE BROWSE DEBUG OBJECTEXTEND

line level    source

   1          #include<reg52.h>
   2          #include<intrins.h>
   3          #include<stdlib.h>
   4          #include"12864.h"
   5          
   6          
   7          sbit rs = P2^6;
   8          sbit rw = P2^5;
   9          sbit LCD_EN = P2^7;
  10          sbit PSB = P3^2; //可以直接高电平
  11          //P0数据显示
  12          
  13          
  14          
  15          
  16          void write_12864com(uchar com);
  17          void write_12864dat(uchar dat);
  18          void delay_ms(uint z);
  19          void led_pos(uchar x,uchar y);
  20          void lcd12864_init();
  21          void lcd12864_show_string(uchar x,uchar y,uchar str[]);
  22          void lcd12864_show_char(uchar x,uchar y,uchar ch);
  23          
  24          
  25          void lcd12864_show_string(uchar x,uchar y,uchar str[])
  26          {
  27   1                 uchar i;
  28   1                      led_pos(x,y);
  29   1                      i=0;
  30   1                      while(str[i]!='\0')
  31   1                      {
  32   2                        write_12864dat(str[i]);         
  33   2                        i++;
  34   2                      }
  35   1      }
  36          
  37          void write_12864com(uchar com)
  38          {
  39   1      rs = 0;
  40   1      rw = 0;
  41   1      LCD_EN = 0;
  42   1      P0 = com;
  43   1      delay_ms(5);
  44   1      LCD_EN = 1;
  45   1      delay_ms(5);
  46   1      LCD_EN = 0;
  47   1      }
  48          
  49          void write_12864dat(uchar dat)
  50          {
  51   1      rs = 1;
  52   1      rw = 0;
  53   1      LCD_EN=0;
  54   1      P0 = dat;
  55   1      delay_ms(5);
C51 COMPILER V9.01   12864                                                                 01/13/2019 19:23:19 PAGE 2   

  56   1      LCD_EN = 1;
  57   1      delay_ms(5);
  58   1      LCD_EN = 0;
  59   1      }
  60          
  61          void delay_ms(uint z)
  62          {
  63   1      uint x,y;
  64   1      for(x=z;x>0;x--)
  65   1      for(y=110;y>0;y--);
  66   1      }
  67          
  68          void led_pos(uchar x,uchar y)
  69          {
  70   1        uchar pos;
  71   1        if(x==0)
  72   1        {x=0x80;}
  73   1        else if(x==1)
  74   1        {x=0x90;}
  75   1        else if(x==2)
  76   1        {x=0x88;}
  77   1        else if(x==3)
  78   1        {x=0x98;}
  79   1        pos=x+y;
  80   1        write_12864com(pos);
  81   1       
  82   1      }
  83          
  84          void lcd12864_init()
  85          {
  86   1        PSB=1;
  87   1        write_12864com(0x30);
  88   1        delay_ms(5);
  89   1        write_12864com(0x0c);
  90   1        delay_ms(5);
  91   1        write_12864com(0x01);
  92   1        delay_ms(5);
  93   1      }
  94          
  95          void lcd12864_show_char(uchar x,uchar y,uchar ch)
  96          {
  97   1              led_pos(x,y);
  98   1               write_12864dat(ch);
  99   1      }
 100          


MODULE INFORMATION:   STATIC OVERLAYABLE
   CODE SIZE        =    202    ----
   CONSTANT SIZE    =   ----    ----
   XDATA SIZE       =   ----       5
   PDATA SIZE       =   ----    ----
   DATA SIZE        =   ----    ----
   IDATA SIZE       =   ----    ----
   BIT SIZE         =   ----    ----
END OF MODULE INFORMATION.


C51 COMPILATION COMPLETE.  0 WARNING(S),  0 ERROR(S)
