C51 COMPILER V9.01   KEY                                                                   01/07/2019 19:14:07 PAGE 1   


C51 COMPILER V9.01, COMPILATION OF MODULE KEY
OBJECT MODULE PLACED IN key.OBJ
COMPILER INVOKED BY: E:\workspace\C51\BIN\C51.EXE key.c BROWSE DEBUG OBJECTEXTEND

line level    source

   1          #include"key.h"
   2           uchar KeyValue=0;
   3          
   4          /*******************************************************************************
   5          * 函 数 名         : KeyDown
   6          * 函数功能                 : 检测有按键按下并读取键值
   7          * 输    入         : 无
   8          * 输    出         : 无
   9          *******************************************************************************/
  10          
  11          void KeyDown(void)
  12          {
  13   1              char a = 0;
  14   1              GPIO_KEY=0x0f;
  15   1              if(GPIO_KEY!=0x0f)//读取按键是否按下
  16   1              {
  17   2                      Delay10ms(1);//延时10ms进行消抖
  18   2                      if(GPIO_KEY!=0x0f)//再次检测键盘是否按下
  19   2                      {
  20   3                              
  21   3                              //测试列
  22   3                              GPIO_KEY=0X0F;
  23   3                              switch(GPIO_KEY)
  24   3                              {
  25   4                                      case(0X07):     KeyValue=0;break;
  26   4                                      case(0X0b):     KeyValue=4;break;
  27   4                                      case(0X0d): KeyValue=8;break;
  28   4                                      case(0X0e):     KeyValue=12;break;
  29   4                              }
  30   3                              //测试行
  31   3                              GPIO_KEY=0XF0;
  32   3                              switch(GPIO_KEY)
  33   3                              {
  34   4                                      case(0X70):     KeyValue=KeyValue+3;break;
  35   4                                      case(0Xb0):     KeyValue=KeyValue+2;break;
  36   4                                      case(0Xd0): KeyValue=KeyValue+1;break;
  37   4                                      case(0Xe0):     KeyValue=KeyValue;break;
  38   4                              }
  39   3                              while((a<50) && (GPIO_KEY!=0xf0))        //检测按键松手检测
  40   3                              {
  41   4                                      Delay10ms(1);
  42   4                                      a++;
  43   4                              }
  44   3                      }
  45   2              }
  46   1      }
  47          
  48          /*******************************************************************************
  49          * 函 数 名         : Delay10ms
  50          * 函数功能                 : 延时函数，延时10ms
  51          * 输    入         : 无
  52          * 输    出         : 无
  53          *******************************************************************************/
  54          
  55          void Delay10ms(unsigned int c)   //误差 0us
C51 COMPILER V9.01   KEY                                                                   01/07/2019 19:14:07 PAGE 2   

  56          {
  57   1          unsigned char a, b;
  58   1      
  59   1              //--c已经在传递过来的时候已经赋值了，所以在for语句第一句就不用赋值了--//
  60   1          for (;c>0;c--)
  61   1              {
  62   2                      for (b=38;b>0;b--)
  63   2                      {
  64   3                              for (a=130;a>0;a--);
  65   3                      }          
  66   2              }       
  67   1      }


MODULE INFORMATION:   STATIC OVERLAYABLE
   CODE SIZE        =    159    ----
   CONSTANT SIZE    =   ----    ----
   XDATA SIZE       =   ----    ----
   PDATA SIZE       =   ----    ----
   DATA SIZE        =      1       1
   IDATA SIZE       =   ----    ----
   BIT SIZE         =   ----    ----
END OF MODULE INFORMATION.


C51 COMPILATION COMPLETE.  0 WARNING(S),  0 ERROR(S)
