C51 COMPILER V9.01   UART                                                                  01/14/2019 20:27:29 PAGE 1   


C51 COMPILER V9.01, COMPILATION OF MODULE UART
OBJECT MODULE PLACED IN uart.OBJ
COMPILER INVOKED BY: E:\workspace\C51\BIN\C51.EXE uart.c LARGE BROWSE DEBUG OBJECTEXTEND

line level    source

   1          #include"uart.h"
   2          #include<reg52.h>
   3          
   4          void Uart_Init(void)
   5          {
   6   1          SCON=0x50;   //UART方式1:8位UART;   REN=1:允许接收 
   7   1          PCON=0x00;   //SMOD=0:波特率不加倍 
   8   1          TMOD=0x20;   //T1方式2,用于UART波特率 
   9   1          TH1=0xFD; 
  10   1          TL1=0xFD;   //UART波特率设置:FDFD，9600;FFFF,57600
  11   1          TR1=1;       //允许T1计数 
  12   1          EA=1;
  13   1      }
  14          
  15          
  16          void Uart_Send_Byte(unsigned char c)//UART Send a byte
  17          {
  18   1              SBUF = c;
  19   1              while(!TI);             //发送完为1 
  20   1              TI = 0;
  21   1      }
  22          
  23          unsigned char Uart_Receive_Byte()//UART Receive a byteg
  24          {       
  25   1              unsigned char dat;
  26   1              while(!RI);      //接收完为1 
  27   1              RI = 0;
  28   1              dat = SBUF;
  29   1              return (dat);
  30   1      }


MODULE INFORMATION:   STATIC OVERLAYABLE
   CODE SIZE        =     36    ----
   CONSTANT SIZE    =   ----    ----
   XDATA SIZE       =   ----    ----
   PDATA SIZE       =   ----    ----
   DATA SIZE        =   ----    ----
   IDATA SIZE       =   ----    ----
   BIT SIZE         =   ----    ----
END OF MODULE INFORMATION.


C51 COMPILATION COMPLETE.  0 WARNING(S),  0 ERROR(S)
